<?xml version="1.0" encoding="UTF-8"?>
<testng-results skipped="0" failed="0" total="1" passed="1">
  <reporter-output>
  </reporter-output>
  <suite name="Default suite" duration-ms="2865" started-at="2022-01-18T10:48:25Z" finished-at="2022-01-18T10:48:28Z">
    <groups>
    </groups>
    <test name="Default test" duration-ms="2865" started-at="2022-01-18T10:48:25Z" finished-at="2022-01-18T10:48:28Z">
      <class name="weatherproject.weather.GetWeatherData">
        <test-method status="PASS" signature="getRequests()[pri:0, instance:weatherproject.weather.GetWeatherData@29774679]" name="getRequests" duration-ms="2855" started-at="2022-01-18T18:48:25Z" finished-at="2022-01-18T18:48:28Z">
          <reporter-output>
          </reporter-output>
        </test-method> <!-- getRequests -->
      </class> <!-- weatherproject.weather.GetWeatherData -->
    </test> <!-- Default test -->
  </suite> <!-- Default suite -->
</testng-results>
